<?xml version="1.0" encoding="UTF-8"?>
<testng-results skipped="0" failed="0" total="1" passed="1">
  <reporter-output>
  </reporter-output>
  <suite name="com.qa.Cheapair.Test_Cases.AirTrip_Page_Test" duration-ms="122117" started-at="2019-05-25T09:19:03Z" finished-at="2019-05-25T09:21:05Z">
    <groups>
    </groups>
    <test name="Command line test" duration-ms="122117" started-at="2019-05-25T09:19:03Z" finished-at="2019-05-25T09:21:05Z">
      <class name="com.qa.Cheapair.Test_Cases.AirTrip_Page_Test">
        <test-method status="PASS" signature="setup()[pri:0, instance:com.qa.Cheapair.Test_Cases.AirTrip_Page_Test@7c0e2abd]" name="setup" is-config="true" duration-ms="73421" started-at="2019-05-25T14:49:03Z" finished-at="2019-05-25T14:50:16Z">
          <reporter-output>
          </reporter-output>
        </test-method> <!-- setup -->
        <test-method status="PASS" signature="city_search_test()[pri:0, instance:com.qa.Cheapair.Test_Cases.AirTrip_Page_Test@7c0e2abd]" name="city_search_test" duration-ms="48614" started-at="2019-05-25T14:50:16Z" finished-at="2019-05-25T14:51:05Z">
          <reporter-output>
          </reporter-output>
        </test-method> <!-- city_search_test -->
        <test-method status="PASS" signature="teardown()[pri:0, instance:com.qa.Cheapair.Test_Cases.AirTrip_Page_Test@7c0e2abd]" name="teardown" is-config="true" duration-ms="65" started-at="2019-05-25T14:51:05Z" finished-at="2019-05-25T14:51:05Z">
          <reporter-output>
          </reporter-output>
        </test-method> <!-- teardown -->
      </class> <!-- com.qa.Cheapair.Test_Cases.AirTrip_Page_Test -->
    </test> <!-- Command line test -->
  </suite> <!-- com.qa.Cheapair.Test_Cases.AirTrip_Page_Test -->
</testng-results>
